<?xml version="1.0" encoding="UTF-8"?>
<!-- Generated by org.testng.reporters.JUnitReportReporter -->
<testsuite hostname="LAPTOP-RRDOR4TT" failures="0" tests="1" name="Testcases.ProfileTest" time="15.711" errors="0" timestamp="20 Jan 2019 12:25:09 GMT">
  <testcase classname="Testcases.ProfileTest" name="testProfile" time="15.711"/>
</testsuite> <!-- Testcases.ProfileTest -->
